Build started 21/07/2016 18:27:16.
     1>Project "C:\Users\conan\Work\Coding\C\Hello_World\Hello_World\Hello_World.vcxproj" on node 2 (build target(s)).
     1>InitializeBuildStatus:
         Creating "Debug\Hello_World.unsuccessfulbuild" because "AlwaysCreate" was specified.
       ClCompile:
         C:\Program Files (x86)\Microsoft Visual Studio 10.0\VC\bin\CL.exe /c /ZI /nologo /W3 /WX- /Od /Oy- /D WIN32 /D _DEBUG /D _CONSOLE /D _UNICODE /D UNICODE /Gm /EHsc /RTC1 /MDd /GS /fp:precise /Zc:wchar_t /Zc:forScope /Fo"Debug\\" /Fd"Debug\vc100.pdb" /Gd /TC /analyze- /errorReport:prompt ..\..\Hello_World.c
         Hello_World.c
       ManifestResourceCompile:
         All outputs are up-to-date.
       Link:
         C:\Program Files (x86)\Microsoft Visual Studio 10.0\VC\bin\link.exe /ERRORREPORT:PROMPT /OUT:"C:\Users\conan\Work\Coding\C\Hello_World\Debug\Hello_World.exe" /INCREMENTAL /NOLOGO kernel32.lib user32.lib gdi32.lib winspool.lib comdlg32.lib advapi32.lib shell32.lib ole32.lib oleaut32.lib uuid.lib odbc32.lib odbccp32.lib /MANIFEST /ManifestFile:"Debug\Hello_World.exe.intermediate.manifest" /MANIFESTUAC:"level='asInvoker' uiAccess='false'" /DEBUG /PDB:"C:\Users\conan\Work\Coding\C\Hello_World\Debug\Hello_World.pdb" /SUBSYSTEM:CONSOLE /TLBID:1 /DYNAMICBASE /NXCOMPAT /IMPLIB:"C:\Users\conan\Work\Coding\C\Hello_World\Debug\Hello_World.lib" /MACHINE:X86 Debug\Hello_World.exe.embed.manifest.res
         Debug\Hello_World.obj
       Manifest:
         C:\Program Files (x86)\Microsoft SDKs\Windows\v7.0A\bin\mt.exe /nologo /verbose /out:"Debug\Hello_World.exe.embed.manifest" /manifest Debug\Hello_World.exe.intermediate.manifest
         All outputs are up-to-date.
       LinkEmbedManifest:
         All outputs are up-to-date.
         Hello_World.vcxproj -> C:\Users\conan\Work\Coding\C\Hello_World\Debug\Hello_World.exe
       FinalizeBuildStatus:
         Deleting file "Debug\Hello_World.unsuccessfulbuild".
         Touching "Debug\Hello_World.lastbuildstate".
     1>Done Building Project "C:\Users\conan\Work\Coding\C\Hello_World\Hello_World\Hello_World.vcxproj" (build target(s)).

Build succeeded.

Time Elapsed 00:00:00.62
